<?xml version="1.0" encoding="UTF-8"?>
<testsuite xmlns:xsi="http://www.w3.org/2001/XMLSchema-instance" xsi:noNamespaceSchemaLocation="https://maven.apache.org/surefire/maven-surefire-plugin/xsd/surefire-test-report-3.0.xsd" version="3.0" name="LogParserTest" time="0.129" tests="3" errors="0" skipped="0" failures="0">
  <properties>
[...]
</properties>
  <testcase name="testAnalyzeLog" classname="LogParserTest" time="0.055">
    <system-out><![CDATA[The number of unique IP addresses: 11
The top 3 most visited URLs:
1: /docs/manage-websites/ - Visited 2 times
2: /blog/2018/08/survey-your-opinion-matters/ - Visited 1 times
3: /newsletter/ - Visited 1 times

The top 3 most active IP addresses:
1: 168.41.191.40 - Visited 4 times
2: 50.112.00.11 - Visited 3 times
3: 177.71.128.21 - Visited 3 times
]]></system-out>
  </testcase>
  <testcase name="testCountUniqueIPs" classname="LogParserTest" time="0.011"/>
  <testcase name="testCountURLs" classname="LogParserTest" time="0.007"/>
</testsuite>